<?xml version="1.0" encoding="UTF-8"?>
<!-- Generated by org.testng.reporters.JUnitReportReporter -->
<testsuite hostname="Giteshp-lap007" failures="0" tests="1" name="Opencart_Test.TestRegistration" time="9.671" errors="0" timestamp="2022-08-24T12:38:15 IST" skipped="0">
  <testcase classname="Opencart_Test.TestRegistration" name="TestRegistrationpage" time="9.671"/>
  <system-out/>
</testsuite> <!-- Opencart_Test.TestRegistration -->
