<?xml version="1.0" encoding="UTF-8"?>
<!-- Generated by org.testng.reporters.JUnitReportReporter -->
<testsuite hostname="Giteshp-lap007" failures="0" tests="4" name="Opencart_Test.Login_Test" time="4.475" errors="0" timestamp="2022-08-25T18:28:37 IST" skipped="0">
  <testcase classname="Opencart_Test.Login_Test" name="Test_Login_Page" time="1.275"/>
  <system-out/>
  <testcase classname="Opencart_Test.Login_Test" name="Test_Login_Page" time="1.057"/>
  <system-out/>
  <testcase classname="Opencart_Test.Login_Test" name="Test_Login_Page" time="1.070"/>
  <system-out/>
  <testcase classname="Opencart_Test.Login_Test" name="Test_Login_Page" time="1.073"/>
  <system-out/>
</testsuite> <!-- Opencart_Test.Login_Test -->
