<?xml version="1.0" encoding="UTF-8"?>
<!-- Generated by org.testng.reporters.JUnitReportReporter -->
<testsuite hostname="Giteshp-lap007" failures="0" tests="1" name="Opencart_Test.TestRegistration" time="4.769" errors="0" timestamp="2022-08-23T08:47:10 IST" skipped="0">
  <testcase classname="Opencart_Test.TestRegistration" name="TestRegistrationpage" time="4.769"/>
  <system-out/>
</testsuite> <!-- Opencart_Test.TestRegistration -->
